  main.cpp
  ofApp.cpp
  Info: Boost.Config is older than your compiler version - probably nothing bad will happen - but you may wish to look for an update Boost version.  Define BOOST_CONFIG_SUPPRESS_OUTDATED_MESSAGE to suppress this message.
  Info: Boost.Config is older than your compiler version - probably nothing bad will happen - but you may wish to look for an update Boost version.  Define BOOST_CONFIG_SUPPRESS_OUTDATED_MESSAGE to suppress this message.
C:\Users\Thaddeus\Documents\openframeworks\libs\openFrameworks\math\ofMatrix4x4.h(326,1): warning C4267: 'argument': conversion from 'size_t' to 'int', possible loss of data (compiling source file src\main.cpp)
C:\Users\Thaddeus\Documents\openframeworks\libs\openFrameworks\math\ofMatrix4x4.h(331,1): warning C4267: 'argument': conversion from 'size_t' to 'int', possible loss of data (compiling source file src\main.cpp)
C:\Users\Thaddeus\Documents\openframeworks\libs\openFrameworks\math\ofMatrix4x4.h(326,1): warning C4267: 'argument': conversion from 'size_t' to 'int', possible loss of data (compiling source file src\ofApp.cpp)
C:\Users\Thaddeus\Documents\openframeworks\libs\openFrameworks\math\ofMatrix4x4.h(331,1): warning C4267: 'argument': conversion from 'size_t' to 'int', possible loss of data (compiling source file src\ofApp.cpp)
C:\Users\Thaddeus\Documents\openframeworks\libs\openFrameworks\math\ofMatrix4x4.h(912,12): warning C4267: 'argument': conversion from 'size_t' to 'int', possible loss of data (compiling source file src\main.cpp)
C:\Users\Thaddeus\Documents\openframeworks\libs\openFrameworks\math\ofMatrix4x4.h(913,12): warning C4267: 'argument': conversion from 'size_t' to 'int', possible loss of data (compiling source file src\main.cpp)
C:\Users\Thaddeus\Documents\openframeworks\libs\openFrameworks\math\ofMatrix4x4.h(914,12): warning C4267: 'argument': conversion from 'size_t' to 'int', possible loss of data (compiling source file src\main.cpp)
C:\Users\Thaddeus\Documents\openframeworks\libs\openFrameworks\math\ofMatrix4x4.h(915,12): warning C4267: 'argument': conversion from 'size_t' to 'int', possible loss of data (compiling source file src\main.cpp)
C:\Users\Thaddeus\Documents\openframeworks\libs\openFrameworks\math\ofMatrix4x4.h(912,12): warning C4267: 'argument': conversion from 'size_t' to 'int', possible loss of data (compiling source file src\ofApp.cpp)
C:\Users\Thaddeus\Documents\openframeworks\libs\openFrameworks\math\ofMatrix4x4.h(913,12): warning C4267: 'argument': conversion from 'size_t' to 'int', possible loss of data (compiling source file src\ofApp.cpp)
C:\Users\Thaddeus\Documents\openframeworks\libs\openFrameworks\math\ofMatrix4x4.h(914,12): warning C4267: 'argument': conversion from 'size_t' to 'int', possible loss of data (compiling source file src\ofApp.cpp)
C:\Users\Thaddeus\Documents\openframeworks\libs\openFrameworks\math\ofMatrix4x4.h(915,12): warning C4267: 'argument': conversion from 'size_t' to 'int', possible loss of data (compiling source file src\ofApp.cpp)
C:\Users\Thaddeus\Documents\openframeworks\libs\openFrameworks\graphics\ofPolyline.inl(896,1): warning C4267: 'initializing': conversion from 'size_t' to 'int', possible loss of data (compiling source file src\ofApp.cpp)
C:\Users\Thaddeus\Documents\openframeworks\libs\openFrameworks\graphics\ofPolyline.inl(889): message : while compiling class template member function 'float ofPolyline_<ofDefaultVertexType>::getIndexAtLength(float) const' (compiling source file src\ofApp.cpp)
C:\Users\Thaddeus\Documents\openframeworks\libs\openFrameworks\graphics\ofPolyline.inl(954): message : see reference to function template instantiation 'float ofPolyline_<ofDefaultVertexType>::getIndexAtLength(float) const' being compiled (compiling source file src\ofApp.cpp)
C:\Users\Thaddeus\Documents\openframeworks\libs\openFrameworks\graphics\ofPolyline.inl(15): message : while compiling class template member function 'ofPolyline_<ofDefaultVertexType>::ofPolyline_(void)' (compiling source file src\ofApp.cpp)
C:\Users\Thaddeus\Documents\openframeworks\libs\openFrameworks\graphics\ofPolyline.inl(519): message : see reference to function template instantiation 'ofPolyline_<ofDefaultVertexType>::ofPolyline_(void)' being compiled (compiling source file src\ofApp.cpp)
C:\Users\Thaddeus\Documents\openframeworks\libs\openFrameworks\graphics\ofPolyline.inl(111): message : while compiling class template member function 'size_t ofPolyline_<ofDefaultVertexType>::size(void) const' (compiling source file src\ofApp.cpp)
C:\Users\Thaddeus\Documents\openframeworks\apps\myApps\KenKnowltonObama\src\ofApp.cpp(144): message : see reference to function template instantiation 'size_t ofPolyline_<ofDefaultVertexType>::size(void) const' being compiled
C:\Users\Thaddeus\Documents\openframeworks\libs\openFrameworks\gl\ofGLRenderer.h(232): message : see reference to class template instantiation 'ofPolyline_<ofDefaultVertexType>' being compiled (compiling source file src\ofApp.cpp)
C:\Users\Thaddeus\Documents\openframeworks\libs\openFrameworks\graphics\ofPolyline.inl(1123,1): warning C4267: 'return': conversion from 'size_t' to 'int', possible loss of data (compiling source file src\ofApp.cpp)
C:\Users\Thaddeus\Documents\openframeworks\libs\openFrameworks\graphics\ofPolyline.inl(1120): message : while compiling class template member function 'int ofPolyline_<ofDefaultVertexType>::getWrappedIndex(int) const' (compiling source file src\ofApp.cpp)
C:\Users\Thaddeus\Documents\openframeworks\libs\openFrameworks\graphics\ofPolyline.inl(1198): message : see reference to function template instantiation 'int ofPolyline_<ofDefaultVertexType>::getWrappedIndex(int) const' being compiled (compiling source file src\ofApp.cpp)
C:\Users\Thaddeus\Documents\openframeworks\libs\openFrameworks\graphics\ofPolyline.inl(42): message : while compiling class template member function 'void ofPolyline_<ofDefaultVertexType>::clear(void)' (compiling source file src\ofApp.cpp)
C:\Users\Thaddeus\Documents\openframeworks\libs\openFrameworks\graphics\ofPolyline.inl(17): message : see reference to function template instantiation 'void ofPolyline_<ofDefaultVertexType>::clear(void)' being compiled (compiling source file src\ofApp.cpp)
C:\Users\Thaddeus\Documents\openframeworks\libs\openFrameworks\graphics\ofPolyline.inl(1124,1): warning C4267: 'return': conversion from 'size_t' to 'int', possible loss of data (compiling source file src\ofApp.cpp)
  ofxTextBlock.cpp
  Info: Boost.Config is older than your compiler version - probably nothing bad will happen - but you may wish to look for an update Boost version.  Define BOOST_CONFIG_SUPPRESS_OUTDATED_MESSAGE to suppress this message.
C:\Users\Thaddeus\Documents\openframeworks\libs\openFrameworks\math\ofMatrix4x4.h(326,1): warning C4267: 'argument': conversion from 'size_t' to 'int', possible loss of data
C:\Users\Thaddeus\Documents\openframeworks\libs\openFrameworks\math\ofMatrix4x4.h(331,1): warning C4267: 'argument': conversion from 'size_t' to 'int', possible loss of data
C:\Users\Thaddeus\Documents\openframeworks\libs\openFrameworks\math\ofMatrix4x4.h(912,12): warning C4267: 'argument': conversion from 'size_t' to 'int', possible loss of data
C:\Users\Thaddeus\Documents\openframeworks\libs\openFrameworks\math\ofMatrix4x4.h(913,12): warning C4267: 'argument': conversion from 'size_t' to 'int', possible loss of data
C:\Users\Thaddeus\Documents\openframeworks\libs\openFrameworks\math\ofMatrix4x4.h(914,12): warning C4267: 'argument': conversion from 'size_t' to 'int', possible loss of data
C:\Users\Thaddeus\Documents\openframeworks\libs\openFrameworks\math\ofMatrix4x4.h(915,12): warning C4267: 'argument': conversion from 'size_t' to 'int', possible loss of data
C:\Users\Thaddeus\Documents\openframeworks\addons\ofxTextSuite\src\ofxTextBlock.cpp(221,13): warning C4267: 'initializing': conversion from 'size_t' to 'int', possible loss of data
C:\Users\Thaddeus\Documents\openframeworks\addons\ofxTextSuite\src\ofxTextBlock.cpp(277,49): warning C4267: '+=': conversion from 'size_t' to 'int', possible loss of data
C:\Users\Thaddeus\Documents\openframeworks\addons\ofxTextSuite\src\ofxTextBlock.cpp(344,57): warning C4267: '=': conversion from 'size_t' to 'int', possible loss of data
C:\Users\Thaddeus\Documents\openframeworks\addons\ofxTextSuite\src\ofxTextBlock.cpp(407,24): warning C4267: 'return': conversion from 'size_t' to 'int', possible loss of data
C:\Users\Thaddeus\Documents\openframeworks\addons\ofxTextSuite\src\ofxTextBlock.cpp(363): warning C4715: 'ofxTextBlock::wrapTextForceLines': not all control paths return a value
     Creating library bin\KenKnowltonObama.lib and object bin\KenKnowltonObama.exp
  LINK : /LTCG specified but no code generation required; remove /LTCG from the link command line to improve linker performance
  KenKnowltonObama.vcxproj -> C:\Users\Thaddeus\Documents\openframeworks\apps\myApps\KenKnowltonObama\bin\KenKnowltonObama.exe
  
  	                   2	C:\Users\Thaddeus\Documents\openframeworks\libs\fmod\lib\vs\x64\
  	  *EXTRA File 		 6942208	C:\Users\Thaddeus\Documents\openframeworks\apps\myApps\KenKnowltonObama\bin\FreeImage.dll
  
  	                   1	C:\Users\Thaddeus\Documents\openframeworks\libs\FreeImage\lib\vs\x64\
  	  *EXTRA File 		 1826304	C:\Users\Thaddeus\Documents\openframeworks\apps\myApps\KenKnowltonObama\bin\fmod.dll
  	  *EXTRA File 		 2041856	C:\Users\Thaddeus\Documents\openframeworks\apps\myApps\KenKnowltonObama\bin\fmodL.dll
