  main.cpp
  ofApp.cpp
  Info: Boost.Config is older than your compiler version - probably nothing bad will happen - but you may wish to look for an update Boost version.  Define BOOST_CONFIG_SUPPRESS_OUTDATED_MESSAGE to suppress this message.
  Info: Boost.Config is older than your compiler version - probably nothing bad will happen - but you may wish to look for an update Boost version.  Define BOOST_CONFIG_SUPPRESS_OUTDATED_MESSAGE to suppress this message.
C:\Users\Thaddeus\Documents\openframeworks\libs\openFrameworks\math\ofMatrix4x4.h(326,1): warning C4267: 'argument': conversion from 'size_t' to 'int', possible loss of data (compiling source file src\ofApp.cpp)
C:\Users\Thaddeus\Documents\openframeworks\libs\openFrameworks\math\ofMatrix4x4.h(331,1): warning C4267: 'argument': conversion from 'size_t' to 'int', possible loss of data (compiling source file src\ofApp.cpp)
C:\Users\Thaddeus\Documents\openframeworks\libs\openFrameworks\math\ofMatrix4x4.h(326,1): warning C4267: 'argument': conversion from 'size_t' to 'int', possible loss of data (compiling source file src\main.cpp)
C:\Users\Thaddeus\Documents\openframeworks\libs\openFrameworks\math\ofMatrix4x4.h(331,1): warning C4267: 'argument': conversion from 'size_t' to 'int', possible loss of data (compiling source file src\main.cpp)
C:\Users\Thaddeus\Documents\openframeworks\libs\openFrameworks\math\ofMatrix4x4.h(912,12): warning C4267: 'argument': conversion from 'size_t' to 'int', possible loss of data (compiling source file src\ofApp.cpp)
C:\Users\Thaddeus\Documents\openframeworks\libs\openFrameworks\math\ofMatrix4x4.h(913,12): warning C4267: 'argument': conversion from 'size_t' to 'int', possible loss of data (compiling source file src\ofApp.cpp)
C:\Users\Thaddeus\Documents\openframeworks\libs\openFrameworks\math\ofMatrix4x4.h(914,12): warning C4267: 'argument': conversion from 'size_t' to 'int', possible loss of data (compiling source file src\ofApp.cpp)
C:\Users\Thaddeus\Documents\openframeworks\libs\openFrameworks\math\ofMatrix4x4.h(912,12): warning C4267: 'argument': conversion from 'size_t' to 'int', possible loss of data (compiling source file src\main.cpp)
C:\Users\Thaddeus\Documents\openframeworks\libs\openFrameworks\math\ofMatrix4x4.h(915,12): warning C4267: 'argument': conversion from 'size_t' to 'int', possible loss of data (compiling source file src\ofApp.cpp)
C:\Users\Thaddeus\Documents\openframeworks\libs\openFrameworks\math\ofMatrix4x4.h(913,12): warning C4267: 'argument': conversion from 'size_t' to 'int', possible loss of data (compiling source file src\main.cpp)
C:\Users\Thaddeus\Documents\openframeworks\libs\openFrameworks\math\ofMatrix4x4.h(914,12): warning C4267: 'argument': conversion from 'size_t' to 'int', possible loss of data (compiling source file src\main.cpp)
C:\Users\Thaddeus\Documents\openframeworks\libs\openFrameworks\math\ofMatrix4x4.h(915,12): warning C4267: 'argument': conversion from 'size_t' to 'int', possible loss of data (compiling source file src\main.cpp)
     Creating library bin\Bridgette Riley Nineteen Greys Sketch 1_debug.lib and object bin\Bridgette Riley Nineteen Greys Sketch 1_debug.exp
  Bridgette Riley Nineteen Greys Sketch 1.vcxproj -> C:\Users\Thaddeus\Documents\openframeworks\apps\myApps\Bridgette Riley Nineteen Greys Sketch 1\bin\Bridgette Riley Nineteen Greys Sketch 1_debug.exe
  
  	                   2	C:\Users\Thaddeus\Documents\openframeworks\libs\fmod\lib\vs\x64\
  	  *EXTRA File 		 6018560	C:\Users\Thaddeus\Documents\openframeworks\apps\myApps\Bridgette Riley Nineteen Greys Sketch 1\bin\FreeImage.dll
  	    Older     		 1826304	C:\Users\Thaddeus\Documents\openframeworks\libs\fmod\lib\vs\x64\fmod.dll
  	    Older     		 2041856	C:\Users\Thaddeus\Documents\openframeworks\libs\fmod\lib\vs\x64\fmodL.dll
  
  	                   1	C:\Users\Thaddeus\Documents\openframeworks\libs\FreeImage\lib\vs\x64\
  	  *EXTRA File 		 1826304	C:\Users\Thaddeus\Documents\openframeworks\apps\myApps\Bridgette Riley Nineteen Greys Sketch 1\bin\fmod.dll
  	  *EXTRA File 		 2041856	C:\Users\Thaddeus\Documents\openframeworks\apps\myApps\Bridgette Riley Nineteen Greys Sketch 1\bin\fmodL.dll
  	    Older     		 6942208	C:\Users\Thaddeus\Documents\openframeworks\libs\FreeImage\lib\vs\x64\FreeImage.dll
