  ofApp.cpp
  Info: Boost.Config is older than your compiler version - probably nothing bad will happen - but you may wish to look for an update Boost version.  Define BOOST_CONFIG_SUPPRESS_OUTDATED_MESSAGE to suppress this message.
C:\Users\Thaddeus\Documents\openframeworks\libs\openFrameworks\math\ofMatrix4x4.h(326,1): warning C4267: 'argument': conversion from 'size_t' to 'int', possible loss of data
C:\Users\Thaddeus\Documents\openframeworks\libs\openFrameworks\math\ofMatrix4x4.h(331,1): warning C4267: 'argument': conversion from 'size_t' to 'int', possible loss of data
C:\Users\Thaddeus\Documents\openframeworks\libs\openFrameworks\math\ofMatrix4x4.h(912,12): warning C4267: 'argument': conversion from 'size_t' to 'int', possible loss of data
C:\Users\Thaddeus\Documents\openframeworks\libs\openFrameworks\math\ofMatrix4x4.h(913,12): warning C4267: 'argument': conversion from 'size_t' to 'int', possible loss of data
C:\Users\Thaddeus\Documents\openframeworks\libs\openFrameworks\math\ofMatrix4x4.h(914,12): warning C4267: 'argument': conversion from 'size_t' to 'int', possible loss of data
C:\Users\Thaddeus\Documents\openframeworks\libs\openFrameworks\math\ofMatrix4x4.h(915,12): warning C4267: 'argument': conversion from 'size_t' to 'int', possible loss of data
C:\Users\Thaddeus\Documents\openframeworks\libs\openFrameworks\graphics\ofPolyline.inl(896,1): warning C4267: 'initializing': conversion from 'size_t' to 'int', possible loss of data
C:\Users\Thaddeus\Documents\openframeworks\libs\openFrameworks\graphics\ofPolyline.inl(889): message : while compiling class template member function 'float ofPolyline_<ofDefaultVertexType>::getIndexAtLength(float) const'
C:\Users\Thaddeus\Documents\openframeworks\libs\openFrameworks\graphics\ofPolyline.inl(954): message : see reference to function template instantiation 'float ofPolyline_<ofDefaultVertexType>::getIndexAtLength(float) const' being compiled
C:\Users\Thaddeus\Documents\openframeworks\libs\openFrameworks\graphics\ofPolyline.inl(15): message : while compiling class template member function 'ofPolyline_<ofDefaultVertexType>::ofPolyline_(void)'
C:\Users\Thaddeus\Documents\openframeworks\libs\openFrameworks\graphics\ofPolyline.inl(519): message : see reference to function template instantiation 'ofPolyline_<ofDefaultVertexType>::ofPolyline_(void)' being compiled
C:\Users\Thaddeus\Documents\openframeworks\libs\openFrameworks\graphics\ofPolyline.inl(111): message : while compiling class template member function 'size_t ofPolyline_<ofDefaultVertexType>::size(void) const'
C:\Users\Thaddeus\Documents\openframeworks\apps\myApps\KenKnowltonObama\src\ofApp.cpp(144): message : see reference to function template instantiation 'size_t ofPolyline_<ofDefaultVertexType>::size(void) const' being compiled
C:\Users\Thaddeus\Documents\openframeworks\libs\openFrameworks\gl\ofGLRenderer.h(232): message : see reference to class template instantiation 'ofPolyline_<ofDefaultVertexType>' being compiled
C:\Users\Thaddeus\Documents\openframeworks\libs\openFrameworks\graphics\ofPolyline.inl(1123,1): warning C4267: 'return': conversion from 'size_t' to 'int', possible loss of data
C:\Users\Thaddeus\Documents\openframeworks\libs\openFrameworks\graphics\ofPolyline.inl(1120): message : while compiling class template member function 'int ofPolyline_<ofDefaultVertexType>::getWrappedIndex(int) const'
C:\Users\Thaddeus\Documents\openframeworks\libs\openFrameworks\graphics\ofPolyline.inl(1198): message : see reference to function template instantiation 'int ofPolyline_<ofDefaultVertexType>::getWrappedIndex(int) const' being compiled
C:\Users\Thaddeus\Documents\openframeworks\libs\openFrameworks\graphics\ofPolyline.inl(42): message : while compiling class template member function 'void ofPolyline_<ofDefaultVertexType>::clear(void)'
C:\Users\Thaddeus\Documents\openframeworks\libs\openFrameworks\graphics\ofPolyline.inl(17): message : see reference to function template instantiation 'void ofPolyline_<ofDefaultVertexType>::clear(void)' being compiled
C:\Users\Thaddeus\Documents\openframeworks\libs\openFrameworks\graphics\ofPolyline.inl(1124,1): warning C4267: 'return': conversion from 'size_t' to 'int', possible loss of data
     Creating library bin\KenKnowltonObama_debug.lib and object bin\KenKnowltonObama_debug.exp
  KenKnowltonObama.vcxproj -> C:\Users\Thaddeus\Documents\openframeworks\apps\myApps\KenKnowltonObama\bin\KenKnowltonObama_debug.exe
  
  	                   2	C:\Users\Thaddeus\Documents\openframeworks\libs\fmod\lib\vs\x64\
  	  *EXTRA File 		 6942208	C:\Users\Thaddeus\Documents\openframeworks\apps\myApps\KenKnowltonObama\bin\FreeImage.dll
  
  	                   1	C:\Users\Thaddeus\Documents\openframeworks\libs\FreeImage\lib\vs\x64\
  	  *EXTRA File 		 1826304	C:\Users\Thaddeus\Documents\openframeworks\apps\myApps\KenKnowltonObama\bin\fmod.dll
  	  *EXTRA File 		 2041856	C:\Users\Thaddeus\Documents\openframeworks\apps\myApps\KenKnowltonObama\bin\fmodL.dll
